{"/home/dev/Documents/weatherapp_southgeeks/frontend/src/App.jsx": {"path":"/home/dev/Documents/weatherapp_southgeeks/frontend/src/App.jsx","statementMap":{"0":{"start":{"line":10,"column":28},"end":{"line":10,"column":40}},"1":{"start":{"line":11,"column":40},"end":{"line":11,"column":54}},"2":{"start":{"line":12,"column":32},"end":{"line":12,"column":46}},"3":{"start":{"line":13,"column":46},"end":{"line":13,"column":61}},"4":{"start":{"line":14,"column":44},"end":{"line":14,"column":59}},"5":{"start":{"line":15,"column":28},"end":{"line":15,"column":42}},"6":{"start":{"line":16,"column":42},"end":{"line":16,"column":56}},"7":{"start":{"line":17,"column":32},"end":{"line":17,"column":46}},"8":{"start":{"line":18,"column":30},"end":{"line":18,"column":44}},"9":{"start":{"line":19,"column":29},"end":{"line":19,"column":38}},"10":{"start":{"line":21,"column":2},"end":{"line":27,"column":9}},"11":{"start":{"line":22,"column":4},"end":{"line":22,"column":38}},"12":{"start":{"line":23,"column":23},"end":{"line":25,"column":12}},"13":{"start":{"line":24,"column":6},"end":{"line":24,"column":41}},"14":{"start":{"line":26,"column":4},"end":{"line":26,"column":43}},"15":{"start":{"line":26,"column":17},"end":{"line":26,"column":42}},"16":{"start":{"line":29,"column":20},"end":{"line":45,"column":3}},"17":{"start":{"line":30,"column":4},"end":{"line":44,"column":5}},"18":{"start":{"line":31,"column":21},"end":{"line":40,"column":7}},"19":{"start":{"line":32,"column":8},"end":{"line":32,"column":64}},"20":{"start":{"line":32,"column":53},"end":{"line":32,"column":64}},"21":{"start":{"line":33,"column":8},"end":{"line":33,"column":55}},"22":{"start":{"line":33,"column":32},"end":{"line":33,"column":55}},"23":{"start":{"line":34,"column":8},"end":{"line":39,"column":17}},"24":{"start":{"line":37,"column":12},"end":{"line":37,"column":40}},"25":{"start":{"line":38,"column":12},"end":{"line":38,"column":23}},"26":{"start":{"line":41,"column":6},"end":{"line":41,"column":69}},"27":{"start":{"line":43,"column":6},"end":{"line":43,"column":19}},"28":{"start":{"line":47,"column":21},"end":{"line":62,"column":3}},"29":{"start":{"line":48,"column":22},"end":{"line":48,"column":50}},"30":{"start":{"line":49,"column":4},"end":{"line":61,"column":5}},"31":{"start":{"line":50,"column":6},"end":{"line":50,"column":40}},"32":{"start":{"line":50,"column":23},"end":{"line":50,"column":40}},"33":{"start":{"line":51,"column":6},"end":{"line":51,"column":21}},"34":{"start":{"line":52,"column":19},"end":{"line":52,"column":35}},"35":{"start":{"line":54,"column":6},"end":{"line":54,"column":59}},"36":{"start":{"line":54,"column":52},"end":{"line":54,"column":59}},"37":{"start":{"line":55,"column":6},"end":{"line":55,"column":64}},"38":{"start":{"line":55,"column":26},"end":{"line":55,"column":61}},"39":{"start":{"line":57,"column":6},"end":{"line":57,"column":59}},"40":{"start":{"line":57,"column":52},"end":{"line":57,"column":59}},"41":{"start":{"line":58,"column":6},"end":{"line":58,"column":28}},"42":{"start":{"line":60,"column":6},"end":{"line":60,"column":85}},"43":{"start":{"line":60,"column":67},"end":{"line":60,"column":85}},"44":{"start":{"line":64,"column":27},"end":{"line":73,"column":3}},"45":{"start":{"line":65,"column":4},"end":{"line":72,"column":5}},"46":{"start":{"line":66,"column":6},"end":{"line":66,"column":21}},"47":{"start":{"line":67,"column":6},"end":{"line":67,"column":29}},"48":{"start":{"line":69,"column":6},"end":{"line":69,"column":41}},"49":{"start":{"line":71,"column":6},"end":{"line":71,"column":28}},"50":{"start":{"line":75,"column":27},"end":{"line":84,"column":3}},"51":{"start":{"line":76,"column":4},"end":{"line":83,"column":5}},"52":{"start":{"line":77,"column":6},"end":{"line":77,"column":21}},"53":{"start":{"line":78,"column":6},"end":{"line":78,"column":45}},"54":{"start":{"line":79,"column":6},"end":{"line":79,"column":41}},"55":{"start":{"line":80,"column":6},"end":{"line":80,"column":27}},"56":{"start":{"line":82,"column":6},"end":{"line":82,"column":28}},"57":{"start":{"line":86,"column":27},"end":{"line":94,"column":3}},"58":{"start":{"line":87,"column":4},"end":{"line":93,"column":5}},"59":{"start":{"line":88,"column":6},"end":{"line":88,"column":21}},"60":{"start":{"line":89,"column":6},"end":{"line":89,"column":27}},"61":{"start":{"line":90,"column":6},"end":{"line":90,"column":41}},"62":{"start":{"line":92,"column":6},"end":{"line":92,"column":28}},"63":{"start":{"line":96,"column":25},"end":{"line":99,"column":3}},"64":{"start":{"line":97,"column":4},"end":{"line":97,"column":25}},"65":{"start":{"line":98,"column":4},"end":{"line":98,"column":52}},"66":{"start":{"line":101,"column":27},"end":{"line":103,"column":3}},"67":{"start":{"line":102,"column":4},"end":{"line":102,"column":25}},"68":{"start":{"line":105,"column":23},"end":{"line":111,"column":3}},"69":{"start":{"line":106,"column":4},"end":{"line":110,"column":5}},"70":{"start":{"line":107,"column":6},"end":{"line":107,"column":33}},"71":{"start":{"line":109,"column":6},"end":{"line":109,"column":33}},"72":{"start":{"line":113,"column":28},"end":{"line":127,"column":3}},"73":{"start":{"line":114,"column":4},"end":{"line":126,"column":5}},"74":{"start":{"line":115,"column":6},"end":{"line":115,"column":21}},"75":{"start":{"line":116,"column":6},"end":{"line":116,"column":23}},"76":{"start":{"line":117,"column":6},"end":{"line":117,"column":22}},"77":{"start":{"line":118,"column":6},"end":{"line":118,"column":28}},"78":{"start":{"line":119,"column":6},"end":{"line":119,"column":30}},"79":{"start":{"line":120,"column":26},"end":{"line":120,"column":73}},"80":{"start":{"line":121,"column":6},"end":{"line":121,"column":30}},"81":{"start":{"line":123,"column":6},"end":{"line":123,"column":28}},"82":{"start":{"line":125,"column":6},"end":{"line":125,"column":31}},"83":{"start":{"line":129,"column":29},"end":{"line":132,"column":3}},"84":{"start":{"line":130,"column":4},"end":{"line":130,"column":26}},"85":{"start":{"line":131,"column":4},"end":{"line":131,"column":21}},"86":{"start":{"line":134,"column":27},"end":{"line":148,"column":3}},"87":{"start":{"line":135,"column":4},"end":{"line":147,"column":5}},"88":{"start":{"line":136,"column":6},"end":{"line":136,"column":21}},"89":{"start":{"line":137,"column":6},"end":{"line":137,"column":23}},"90":{"start":{"line":138,"column":6},"end":{"line":138,"column":22}},"91":{"start":{"line":139,"column":6},"end":{"line":139,"column":28}},"92":{"start":{"line":140,"column":6},"end":{"line":140,"column":29}},"93":{"start":{"line":141,"column":25},"end":{"line":141,"column":71}},"94":{"start":{"line":142,"column":6},"end":{"line":142,"column":28}},"95":{"start":{"line":144,"column":6},"end":{"line":144,"column":28}},"96":{"start":{"line":146,"column":6},"end":{"line":146,"column":30}},"97":{"start":{"line":150,"column":28},"end":{"line":153,"column":3}},"98":{"start":{"line":151,"column":4},"end":{"line":151,"column":26}},"99":{"start":{"line":152,"column":4},"end":{"line":152,"column":20}},"100":{"start":{"line":155,"column":2},"end":{"line":237,"column":4}}},"fnMap":{"0":{"name":"App","decl":{"start":{"line":9,"column":9},"end":{"line":9,"column":12}},"loc":{"start":{"line":9,"column":15},"end":{"line":238,"column":1}},"line":9},"1":{"name":"(anonymous_1)","decl":{"start":{"line":21,"column":12},"end":{"line":21,"column":13}},"loc":{"start":{"line":21,"column":18},"end":{"line":27,"column":3}},"line":21},"2":{"name":"(anonymous_2)","decl":{"start":{"line":23,"column":35},"end":{"line":23,"column":36}},"loc":{"start":{"line":23,"column":41},"end":{"line":25,"column":5}},"line":23},"3":{"name":"(anonymous_3)","decl":{"start":{"line":26,"column":11},"end":{"line":26,"column":12}},"loc":{"start":{"line":26,"column":17},"end":{"line":26,"column":42}},"line":26},"4":{"name":"(anonymous_4)","decl":{"start":{"line":29,"column":20},"end":{"line":29,"column":21}},"loc":{"start":{"line":29,"column":30},"end":{"line":45,"column":3}},"line":29},"5":{"name":"(anonymous_5)","decl":{"start":{"line":31,"column":21},"end":{"line":31,"column":22}},"loc":{"start":{"line":31,"column":30},"end":{"line":40,"column":7}},"line":31},"6":{"name":"(anonymous_6)","decl":{"start":{"line":36,"column":18},"end":{"line":36,"column":19}},"loc":{"start":{"line":36,"column":32},"end":{"line":39,"column":11}},"line":36},"7":{"name":"(anonymous_7)","decl":{"start":{"line":47,"column":21},"end":{"line":47,"column":22}},"loc":{"start":{"line":47,"column":73},"end":{"line":62,"column":3}},"line":47},"8":{"name":"(anonymous_8)","decl":{"start":{"line":55,"column":15},"end":{"line":55,"column":16}},"loc":{"start":{"line":55,"column":26},"end":{"line":55,"column":61}},"line":55},"9":{"name":"(anonymous_9)","decl":{"start":{"line":64,"column":27},"end":{"line":64,"column":28}},"loc":{"start":{"line":64,"column":43},"end":{"line":73,"column":3}},"line":64},"10":{"name":"(anonymous_10)","decl":{"start":{"line":75,"column":27},"end":{"line":75,"column":28}},"loc":{"start":{"line":75,"column":43},"end":{"line":84,"column":3}},"line":75},"11":{"name":"(anonymous_11)","decl":{"start":{"line":86,"column":27},"end":{"line":86,"column":28}},"loc":{"start":{"line":86,"column":41},"end":{"line":94,"column":3}},"line":86},"12":{"name":"(anonymous_12)","decl":{"start":{"line":96,"column":25},"end":{"line":96,"column":26}},"loc":{"start":{"line":96,"column":35},"end":{"line":99,"column":3}},"line":96},"13":{"name":"(anonymous_13)","decl":{"start":{"line":101,"column":27},"end":{"line":101,"column":28}},"loc":{"start":{"line":101,"column":33},"end":{"line":103,"column":3}},"line":101},"14":{"name":"(anonymous_14)","decl":{"start":{"line":105,"column":23},"end":{"line":105,"column":24}},"loc":{"start":{"line":105,"column":37},"end":{"line":111,"column":3}},"line":105},"15":{"name":"(anonymous_15)","decl":{"start":{"line":113,"column":28},"end":{"line":113,"column":29}},"loc":{"start":{"line":113,"column":44},"end":{"line":127,"column":3}},"line":113},"16":{"name":"(anonymous_16)","decl":{"start":{"line":129,"column":29},"end":{"line":129,"column":30}},"loc":{"start":{"line":129,"column":35},"end":{"line":132,"column":3}},"line":129},"17":{"name":"(anonymous_17)","decl":{"start":{"line":134,"column":27},"end":{"line":134,"column":28}},"loc":{"start":{"line":134,"column":43},"end":{"line":148,"column":3}},"line":134},"18":{"name":"(anonymous_18)","decl":{"start":{"line":150,"column":28},"end":{"line":150,"column":29}},"loc":{"start":{"line":150,"column":34},"end":{"line":153,"column":3}},"line":150}},"branchMap":{"0":{"loc":{"start":{"line":32,"column":8},"end":{"line":32,"column":64}},"type":"if","locations":[{"start":{"line":32,"column":8},"end":{"line":32,"column":64}},{"start":{},"end":{}}],"line":32},"1":{"loc":{"start":{"line":32,"column":12},"end":{"line":32,"column":51}},"type":"binary-expr","locations":[{"start":{"line":32,"column":12},"end":{"line":32,"column":24}},{"start":{"line":32,"column":28},"end":{"line":32,"column":51}}],"line":32},"2":{"loc":{"start":{"line":33,"column":8},"end":{"line":33,"column":55}},"type":"if","locations":[{"start":{"line":33,"column":8},"end":{"line":33,"column":55}},{"start":{},"end":{}}],"line":33},"3":{"loc":{"start":{"line":47,"column":28},"end":{"line":47,"column":68}},"type":"default-arg","locations":[{"start":{"line":47,"column":46},"end":{"line":47,"column":68}}],"line":47},"4":{"loc":{"start":{"line":50,"column":6},"end":{"line":50,"column":40}},"type":"if","locations":[{"start":{"line":50,"column":6},"end":{"line":50,"column":40}},{"start":{},"end":{}}],"line":50},"5":{"loc":{"start":{"line":54,"column":6},"end":{"line":54,"column":59}},"type":"if","locations":[{"start":{"line":54,"column":6},"end":{"line":54,"column":59}},{"start":{},"end":{}}],"line":54},"6":{"loc":{"start":{"line":55,"column":26},"end":{"line":55,"column":61}},"type":"cond-expr","locations":[{"start":{"line":55,"column":50},"end":{"line":55,"column":54}},{"start":{"line":55,"column":57},"end":{"line":55,"column":61}}],"line":55},"7":{"loc":{"start":{"line":57,"column":6},"end":{"line":57,"column":59}},"type":"if","locations":[{"start":{"line":57,"column":6},"end":{"line":57,"column":59}},{"start":{},"end":{}}],"line":57},"8":{"loc":{"start":{"line":60,"column":6},"end":{"line":60,"column":85}},"type":"if","locations":[{"start":{"line":60,"column":6},"end":{"line":60,"column":85}},{"start":{},"end":{}}],"line":60},"9":{"loc":{"start":{"line":60,"column":10},"end":{"line":60,"column":65}},"type":"binary-expr","locations":[{"start":{"line":60,"column":10},"end":{"line":60,"column":21}},{"start":{"line":60,"column":25},"end":{"line":60,"column":65}}],"line":60},"10":{"loc":{"start":{"line":106,"column":4},"end":{"line":110,"column":5}},"type":"if","locations":[{"start":{"line":106,"column":4},"end":{"line":110,"column":5}},{"start":{"line":108,"column":11},"end":{"line":110,"column":5}}],"line":106},"11":{"loc":{"start":{"line":175,"column":11},"end":{"line":182,"column":11}},"type":"binary-expr","locations":[{"start":{"line":175,"column":11},"end":{"line":175,"column":16}},{"start":{"line":176,"column":12},"end":{"line":181,"column":18}}],"line":175},"12":{"loc":{"start":{"line":184,"column":11},"end":{"line":196,"column":11}},"type":"cond-expr","locations":[{"start":{"line":185,"column":12},"end":{"line":187,"column":18}},{"start":{"line":189,"column":12},"end":{"line":195,"column":14}}],"line":184},"13":{"loc":{"start":{"line":207,"column":11},"end":{"line":211,"column":11}},"type":"binary-expr","locations":[{"start":{"line":207,"column":11},"end":{"line":207,"column":23}},{"start":{"line":207,"column":27},"end":{"line":207,"column":41}},{"start":{"line":208,"column":12},"end":{"line":210,"column":18}}],"line":207},"14":{"loc":{"start":{"line":213,"column":11},"end":{"line":219,"column":11}},"type":"binary-expr","locations":[{"start":{"line":213,"column":11},"end":{"line":213,"column":23}},{"start":{"line":213,"column":27},"end":{"line":213,"column":34}},{"start":{"line":213,"column":38},"end":{"line":213,"column":53}},{"start":{"line":214,"column":12},"end":{"line":218,"column":14}}],"line":213},"15":{"loc":{"start":{"line":221,"column":11},"end":{"line":225,"column":11}},"type":"binary-expr","locations":[{"start":{"line":221,"column":11},"end":{"line":221,"column":23}},{"start":{"line":221,"column":27},"end":{"line":221,"column":40}},{"start":{"line":222,"column":12},"end":{"line":224,"column":18}}],"line":221},"16":{"loc":{"start":{"line":227,"column":11},"end":{"line":233,"column":11}},"type":"binary-expr","locations":[{"start":{"line":227,"column":11},"end":{"line":227,"column":23}},{"start":{"line":227,"column":27},"end":{"line":227,"column":33}},{"start":{"line":227,"column":37},"end":{"line":227,"column":51}},{"start":{"line":228,"column":12},"end":{"line":232,"column":14}}],"line":227}},"s":{"0":12,"1":12,"2":12,"3":12,"4":12,"5":12,"6":12,"7":12,"8":12,"9":12,"10":12,"11":6,"12":6,"13":0,"14":6,"15":6,"16":12,"17":5,"18":5,"19":10,"20":0,"21":10,"22":5,"23":5,"24":0,"25":0,"26":5,"27":0,"28":12,"29":6,"30":6,"31":6,"32":6,"33":6,"34":6,"35":5,"36":0,"37":5,"38":5,"39":1,"40":0,"41":1,"42":6,"43":6,"44":12,"45":0,"46":0,"47":0,"48":0,"49":0,"50":12,"51":0,"52":0,"53":0,"54":0,"55":0,"56":0,"57":12,"58":0,"59":0,"60":0,"61":0,"62":0,"63":12,"64":0,"65":0,"66":12,"67":0,"68":12,"69":0,"70":0,"71":0,"72":12,"73":0,"74":0,"75":0,"76":0,"77":0,"78":0,"79":0,"80":0,"81":0,"82":0,"83":12,"84":0,"85":0,"86":12,"87":0,"88":0,"89":0,"90":0,"91":0,"92":0,"93":0,"94":0,"95":0,"96":0,"97":12,"98":0,"99":0,"100":12},"f":{"0":12,"1":6,"2":0,"3":6,"4":5,"5":10,"6":0,"7":6,"8":5,"9":0,"10":0,"11":0,"12":0,"13":0,"14":0,"15":0,"16":0,"17":0,"18":0},"b":{"0":[0,10],"1":[10,10],"2":[5,5],"3":[0],"4":[6,0],"5":[0,5],"6":[0,5],"7":[0,1],"8":[6,0],"9":[6,6],"10":[0,0],"11":[12,1],"12":[6,6],"13":[12,0,0],"14":[12,0,0,0],"15":[12,0,0],"16":[12,0,0,0]},"_coverageSchema":"1a1c01bbd47fc00a2c39e90264f33305004495a9","hash":"02bf98104911e96326afecf9158906f157c695f0"}
,"/home/dev/Documents/weatherapp_southgeeks/frontend/src/components/Map.jsx": {"path":"/home/dev/Documents/weatherapp_southgeeks/frontend/src/components/Map.jsx","statementMap":{"0":{"start":{"line":4,"column":12},"end":{"line":38,"column":1}},"1":{"start":{"line":5,"column":2},"end":{"line":37,"column":4}},"2":{"start":{"line":19,"column":14},"end":{"line":32,"column":15}},"3":{"start":{"line":25,"column":33},"end":{"line":25,"column":52}}},"fnMap":{"0":{"name":"(anonymous_0)","decl":{"start":{"line":4,"column":12},"end":{"line":4,"column":13}},"loc":{"start":{"line":4,"column":42},"end":{"line":38,"column":1}},"line":4},"1":{"name":"(anonymous_1)","decl":{"start":{"line":18,"column":12},"end":{"line":18,"column":13}},"loc":{"start":{"line":19,"column":14},"end":{"line":32,"column":15}},"line":19},"2":{"name":"(anonymous_2)","decl":{"start":{"line":25,"column":27},"end":{"line":25,"column":28}},"loc":{"start":{"line":25,"column":33},"end":{"line":25,"column":52}},"line":25}},"branchMap":{"0":{"loc":{"start":{"line":19,"column":14},"end":{"line":32,"column":15}},"type":"binary-expr","locations":[{"start":{"line":19,"column":14},"end":{"line":19,"column":27}},{"start":{"line":20,"column":14},"end":{"line":20,"column":28}},{"start":{"line":21,"column":16},"end":{"line":31,"column":25}}],"line":19}},"s":{"0":1,"1":12,"2":0,"3":0},"f":{"0":12,"1":0,"2":0},"b":{"0":[0,0,0]},"_coverageSchema":"1a1c01bbd47fc00a2c39e90264f33305004495a9","hash":"f5935b9b0f45b10e2ca9db41b39af1e9f4facf67"}
,"/home/dev/Documents/weatherapp_southgeeks/frontend/src/components/TouristSpots.jsx": {"path":"/home/dev/Documents/weatherapp_southgeeks/frontend/src/components/TouristSpots.jsx","statementMap":{"0":{"start":{"line":3,"column":21},"end":{"line":42,"column":1}},"1":{"start":{"line":4,"column":2},"end":{"line":14,"column":3}},"2":{"start":{"line":5,"column":4},"end":{"line":13,"column":6}},"3":{"start":{"line":16,"column":2},"end":{"line":16,"column":27}},"4":{"start":{"line":16,"column":15},"end":{"line":16,"column":27}},"5":{"start":{"line":18,"column":2},"end":{"line":41,"column":4}},"6":{"start":{"line":30,"column":12},"end":{"line":36,"column":17}}},"fnMap":{"0":{"name":"(anonymous_0)","decl":{"start":{"line":3,"column":21},"end":{"line":3,"column":22}},"loc":{"start":{"line":3,"column":61},"end":{"line":42,"column":1}},"line":3},"1":{"name":"(anonymous_1)","decl":{"start":{"line":29,"column":22},"end":{"line":29,"column":23}},"loc":{"start":{"line":30,"column":12},"end":{"line":36,"column":17}},"line":30}},"branchMap":{"0":{"loc":{"start":{"line":4,"column":2},"end":{"line":14,"column":3}},"type":"if","locations":[{"start":{"line":4,"column":2},"end":{"line":14,"column":3}},{"start":{},"end":{}}],"line":4},"1":{"loc":{"start":{"line":16,"column":2},"end":{"line":16,"column":27}},"type":"if","locations":[{"start":{"line":16,"column":2},"end":{"line":16,"column":27}},{"start":{},"end":{}}],"line":16}},"s":{"0":2,"1":2,"2":0,"3":2,"4":0,"5":2,"6":4},"f":{"0":2,"1":4},"b":{"0":[0,2],"1":[0,2]},"_coverageSchema":"1a1c01bbd47fc00a2c39e90264f33305004495a9","hash":"1c0bb285bb1d52f34ef6289748ddc2973e8bcab1"}
,"/home/dev/Documents/weatherapp_southgeeks/frontend/src/components/UserForm.jsx": {"path":"/home/dev/Documents/weatherapp_southgeeks/frontend/src/components/UserForm.jsx","statementMap":{"0":{"start":{"line":3,"column":17},"end":{"line":81,"column":1}},"1":{"start":{"line":4,"column":34},"end":{"line":4,"column":65}},"2":{"start":{"line":6,"column":2},"end":{"line":15,"column":20}},"3":{"start":{"line":7,"column":4},"end":{"line":14,"column":5}},"4":{"start":{"line":8,"column":6},"end":{"line":11,"column":9}},"5":{"start":{"line":13,"column":6},"end":{"line":13,"column":41}},"6":{"start":{"line":17,"column":23},"end":{"line":20,"column":3}},"7":{"start":{"line":18,"column":28},"end":{"line":18,"column":36}},"8":{"start":{"line":19,"column":4},"end":{"line":19,"column":56}},"9":{"start":{"line":19,"column":27},"end":{"line":19,"column":53}},"10":{"start":{"line":22,"column":23},"end":{"line":26,"column":3}},"11":{"start":{"line":23,"column":4},"end":{"line":23,"column":23}},"12":{"start":{"line":24,"column":4},"end":{"line":24,"column":23}},"13":{"start":{"line":25,"column":4},"end":{"line":25,"column":39}},"14":{"start":{"line":28,"column":2},"end":{"line":80,"column":4}}},"fnMap":{"0":{"name":"(anonymous_0)","decl":{"start":{"line":3,"column":17},"end":{"line":3,"column":18}},"loc":{"start":{"line":3,"column":58},"end":{"line":81,"column":1}},"line":3},"1":{"name":"(anonymous_1)","decl":{"start":{"line":6,"column":12},"end":{"line":6,"column":13}},"loc":{"start":{"line":6,"column":18},"end":{"line":15,"column":3}},"line":6},"2":{"name":"(anonymous_2)","decl":{"start":{"line":17,"column":23},"end":{"line":17,"column":24}},"loc":{"start":{"line":17,"column":30},"end":{"line":20,"column":3}},"line":17},"3":{"name":"(anonymous_3)","decl":{"start":{"line":19,"column":16},"end":{"line":19,"column":17}},"loc":{"start":{"line":19,"column":27},"end":{"line":19,"column":53}},"line":19},"4":{"name":"(anonymous_4)","decl":{"start":{"line":22,"column":23},"end":{"line":22,"column":24}},"loc":{"start":{"line":22,"column":30},"end":{"line":26,"column":3}},"line":22}},"branchMap":{"0":{"loc":{"start":{"line":7,"column":4},"end":{"line":14,"column":5}},"type":"if","locations":[{"start":{"line":7,"column":4},"end":{"line":14,"column":5}},{"start":{"line":12,"column":11},"end":{"line":14,"column":5}}],"line":7},"1":{"loc":{"start":{"line":32,"column":11},"end":{"line":32,"column":52}},"type":"cond-expr","locations":[{"start":{"line":32,"column":25},"end":{"line":32,"column":36}},{"start":{"line":32,"column":39},"end":{"line":32,"column":52}}],"line":32},"2":{"loc":{"start":{"line":64,"column":13},"end":{"line":72,"column":13}},"type":"binary-expr","locations":[{"start":{"line":64,"column":13},"end":{"line":64,"column":24}},{"start":{"line":65,"column":14},"end":{"line":71,"column":23}}],"line":64},"3":{"loc":{"start":{"line":74,"column":15},"end":{"line":74,"column":48}},"type":"cond-expr","locations":[{"start":{"line":74,"column":29},"end":{"line":74,"column":37}},{"start":{"line":74,"column":40},"end":{"line":74,"column":48}}],"line":74}},"s":{"0":2,"1":31,"2":31,"3":11,"4":2,"5":9,"6":31,"7":2,"8":2,"9":2,"10":31,"11":1,"12":1,"13":1,"14":31},"f":{"0":31,"1":11,"2":2,"3":2,"4":1},"b":{"0":[2,9],"1":[4,27],"2":[31,4],"3":[4,27]},"_coverageSchema":"1a1c01bbd47fc00a2c39e90264f33305004495a9","hash":"7a0ffd4096d1bb4e02b3fbfdce47d8e94151dd71"}
,"/home/dev/Documents/weatherapp_southgeeks/frontend/src/components/UserList.jsx": {"path":"/home/dev/Documents/weatherapp_southgeeks/frontend/src/components/UserList.jsx","statementMap":{"0":{"start":{"line":4,"column":17},"end":{"line":40,"column":1}},"1":{"start":{"line":5,"column":20},"end":{"line":5,"column":46}},"2":{"start":{"line":7,"column":2},"end":{"line":39,"column":4}},"3":{"start":{"line":11,"column":10},"end":{"line":18,"column":12}}},"fnMap":{"0":{"name":"(anonymous_0)","decl":{"start":{"line":4,"column":17},"end":{"line":4,"column":18}},"loc":{"start":{"line":4,"column":79},"end":{"line":40,"column":1}},"line":4},"1":{"name":"(anonymous_1)","decl":{"start":{"line":10,"column":22},"end":{"line":10,"column":23}},"loc":{"start":{"line":11,"column":10},"end":{"line":18,"column":12}},"line":11}},"branchMap":{"0":{"loc":{"start":{"line":5,"column":34},"end":{"line":5,"column":45}},"type":"binary-expr","locations":[{"start":{"line":5,"column":34},"end":{"line":5,"column":39}},{"start":{"line":5,"column":43},"end":{"line":5,"column":45}}],"line":5},"1":{"loc":{"start":{"line":9,"column":7},"end":{"line":37,"column":7}},"type":"cond-expr","locations":[{"start":{"line":10,"column":8},"end":{"line":19,"column":10}},{"start":{"line":21,"column":8},"end":{"line":36,"column":14}}],"line":9}},"s":{"0":2,"1":9,"2":9,"3":2},"f":{"0":9,"1":2},"b":{"0":[9,1],"1":[1,8]},"_coverageSchema":"1a1c01bbd47fc00a2c39e90264f33305004495a9","hash":"22bddc23f46466b47ba154494b5e07ba03e4214e"}
,"/home/dev/Documents/weatherapp_southgeeks/frontend/src/components/UserListItem.jsx": {"path":"/home/dev/Documents/weatherapp_southgeeks/frontend/src/components/UserListItem.jsx","statementMap":{"0":{"start":{"line":3,"column":21},"end":{"line":47,"column":1}},"1":{"start":{"line":4,"column":2},"end":{"line":46,"column":4}},"2":{"start":{"line":17,"column":29},"end":{"line":17,"column":48}},"3":{"start":{"line":25,"column":29},"end":{"line":25,"column":47}},"4":{"start":{"line":32,"column":27},"end":{"line":32,"column":39}},"5":{"start":{"line":38,"column":27},"end":{"line":38,"column":44}}},"fnMap":{"0":{"name":"(anonymous_0)","decl":{"start":{"line":3,"column":21},"end":{"line":3,"column":22}},"loc":{"start":{"line":3,"column":82},"end":{"line":47,"column":1}},"line":3},"1":{"name":"(anonymous_1)","decl":{"start":{"line":17,"column":23},"end":{"line":17,"column":24}},"loc":{"start":{"line":17,"column":29},"end":{"line":17,"column":48}},"line":17},"2":{"name":"(anonymous_2)","decl":{"start":{"line":25,"column":23},"end":{"line":25,"column":24}},"loc":{"start":{"line":25,"column":29},"end":{"line":25,"column":47}},"line":25},"3":{"name":"(anonymous_3)","decl":{"start":{"line":32,"column":21},"end":{"line":32,"column":22}},"loc":{"start":{"line":32,"column":27},"end":{"line":32,"column":39}},"line":32},"4":{"name":"(anonymous_4)","decl":{"start":{"line":38,"column":21},"end":{"line":38,"column":22}},"loc":{"start":{"line":38,"column":27},"end":{"line":38,"column":44}},"line":38}},"branchMap":{"0":{"loc":{"start":{"line":15,"column":11},"end":{"line":22,"column":11}},"type":"binary-expr","locations":[{"start":{"line":15,"column":11},"end":{"line":15,"column":24}},{"start":{"line":16,"column":12},"end":{"line":21,"column":21}}],"line":15},"1":{"loc":{"start":{"line":23,"column":11},"end":{"line":30,"column":11}},"type":"binary-expr","locations":[{"start":{"line":23,"column":11},"end":{"line":23,"column":23}},{"start":{"line":24,"column":12},"end":{"line":29,"column":21}}],"line":23}},"s":{"0":2,"1":7,"2":1,"3":1,"4":1,"5":1},"f":{"0":7,"1":1,"2":1,"3":1,"4":1},"b":{"0":[7,7],"1":[7,7]},"_coverageSchema":"1a1c01bbd47fc00a2c39e90264f33305004495a9","hash":"67caed2d44b807fcd9a3394a63c118ad94e3febf"}
,"/home/dev/Documents/weatherapp_southgeeks/frontend/src/components/WeatherInfo.jsx": {"path":"/home/dev/Documents/weatherapp_southgeeks/frontend/src/components/WeatherInfo.jsx","statementMap":{"0":{"start":{"line":4,"column":20},"end":{"line":42,"column":1}},"1":{"start":{"line":5,"column":2},"end":{"line":5,"column":37}},"2":{"start":{"line":5,"column":25},"end":{"line":5,"column":37}},"3":{"start":{"line":7,"column":25},"end":{"line":17,"column":3}},"4":{"start":{"line":8,"column":4},"end":{"line":9,"column":67}},"5":{"start":{"line":9,"column":6},"end":{"line":9,"column":67}},"6":{"start":{"line":10,"column":4},"end":{"line":11,"column":56}},"7":{"start":{"line":11,"column":6},"end":{"line":11,"column":56}},"8":{"start":{"line":12,"column":4},"end":{"line":13,"column":60}},"9":{"start":{"line":13,"column":6},"end":{"line":13,"column":60}},"10":{"start":{"line":14,"column":4},"end":{"line":15,"column":62}},"11":{"start":{"line":15,"column":6},"end":{"line":15,"column":62}},"12":{"start":{"line":16,"column":4},"end":{"line":16,"column":64}},"13":{"start":{"line":19,"column":2},"end":{"line":41,"column":4}}},"fnMap":{"0":{"name":"(anonymous_0)","decl":{"start":{"line":4,"column":20},"end":{"line":4,"column":21}},"loc":{"start":{"line":4,"column":52},"end":{"line":42,"column":1}},"line":4},"1":{"name":"(anonymous_1)","decl":{"start":{"line":7,"column":25},"end":{"line":7,"column":26}},"loc":{"start":{"line":7,"column":40},"end":{"line":17,"column":3}},"line":7}},"branchMap":{"0":{"loc":{"start":{"line":5,"column":2},"end":{"line":5,"column":37}},"type":"if","locations":[{"start":{"line":5,"column":2},"end":{"line":5,"column":37}},{"start":{},"end":{}}],"line":5},"1":{"loc":{"start":{"line":5,"column":6},"end":{"line":5,"column":23}},"type":"binary-expr","locations":[{"start":{"line":5,"column":6},"end":{"line":5,"column":14}},{"start":{"line":5,"column":18},"end":{"line":5,"column":23}}],"line":5},"2":{"loc":{"start":{"line":8,"column":4},"end":{"line":9,"column":67}},"type":"if","locations":[{"start":{"line":8,"column":4},"end":{"line":9,"column":67}},{"start":{},"end":{}}],"line":8},"3":{"loc":{"start":{"line":8,"column":8},"end":{"line":8,"column":43}},"type":"binary-expr","locations":[{"start":{"line":8,"column":8},"end":{"line":8,"column":24}},{"start":{"line":8,"column":28},"end":{"line":8,"column":43}}],"line":8},"4":{"loc":{"start":{"line":10,"column":4},"end":{"line":11,"column":56}},"type":"if","locations":[{"start":{"line":10,"column":4},"end":{"line":11,"column":56}},{"start":{},"end":{}}],"line":10},"5":{"loc":{"start":{"line":10,"column":8},"end":{"line":10,"column":43}},"type":"binary-expr","locations":[{"start":{"line":10,"column":8},"end":{"line":10,"column":24}},{"start":{"line":10,"column":28},"end":{"line":10,"column":43}}],"line":10},"6":{"loc":{"start":{"line":12,"column":4},"end":{"line":13,"column":60}},"type":"if","locations":[{"start":{"line":12,"column":4},"end":{"line":13,"column":60}},{"start":{},"end":{}}],"line":12},"7":{"loc":{"start":{"line":12,"column":8},"end":{"line":12,"column":43}},"type":"binary-expr","locations":[{"start":{"line":12,"column":8},"end":{"line":12,"column":24}},{"start":{"line":12,"column":28},"end":{"line":12,"column":43}}],"line":12},"8":{"loc":{"start":{"line":14,"column":4},"end":{"line":15,"column":62}},"type":"if","locations":[{"start":{"line":14,"column":4},"end":{"line":15,"column":62}},{"start":{},"end":{}}],"line":14},"9":{"loc":{"start":{"line":14,"column":8},"end":{"line":14,"column":43}},"type":"binary-expr","locations":[{"start":{"line":14,"column":8},"end":{"line":14,"column":24}},{"start":{"line":14,"column":28},"end":{"line":14,"column":43}}],"line":14}},"s":{"0":2,"1":2,"2":0,"3":2,"4":2,"5":0,"6":2,"7":0,"8":2,"9":0,"10":2,"11":0,"12":2,"13":2},"f":{"0":2,"1":2},"b":{"0":[0,2],"1":[2,2],"2":[0,2],"3":[2,2],"4":[0,2],"5":[2,2],"6":[0,2],"7":[2,2],"8":[0,2],"9":[2,0]},"_coverageSchema":"1a1c01bbd47fc00a2c39e90264f33305004495a9","hash":"6e7e01d51a42d2e4f04dd70cf25608f5b9d19960"}
,"/home/dev/Documents/weatherapp_southgeeks/frontend/src/services/api.js": {"path":"/home/dev/Documents/weatherapp_southgeeks/frontend/src/services/api.js","statementMap":{"0":{"start":{"line":1,"column":21},"end":{"line":1,"column":86}},"1":{"start":{"line":2,"column":24},"end":{"line":12,"column":1}},"2":{"start":{"line":3,"column":19},"end":{"line":3,"column":55}},"3":{"start":{"line":4,"column":2},"end":{"line":10,"column":3}},"4":{"start":{"line":5,"column":22},"end":{"line":5,"column":61}},"5":{"start":{"line":5,"column":57},"end":{"line":5,"column":59}},"6":{"start":{"line":6,"column":20},"end":{"line":8,"column":53}},"7":{"start":{"line":9,"column":4},"end":{"line":9,"column":29}},"8":{"start":{"line":11,"column":2},"end":{"line":11,"column":25}},"9":{"start":{"line":14,"column":26},"end":{"line":29,"column":1}},"10":{"start":{"line":15,"column":19},"end":{"line":19,"column":4}},"11":{"start":{"line":20,"column":2},"end":{"line":20,"column":65}},"12":{"start":{"line":21,"column":2},"end":{"line":27,"column":3}},"13":{"start":{"line":22,"column":22},"end":{"line":22,"column":61}},"14":{"start":{"line":22,"column":57},"end":{"line":22,"column":59}},"15":{"start":{"line":23,"column":20},"end":{"line":25,"column":53}},"16":{"start":{"line":26,"column":4},"end":{"line":26,"column":29}},"17":{"start":{"line":28,"column":2},"end":{"line":28,"column":25}},"18":{"start":{"line":31,"column":26},"end":{"line":46,"column":1}},"19":{"start":{"line":32,"column":19},"end":{"line":36,"column":4}},"20":{"start":{"line":37,"column":2},"end":{"line":37,"column":65}},"21":{"start":{"line":38,"column":2},"end":{"line":44,"column":3}},"22":{"start":{"line":39,"column":22},"end":{"line":39,"column":61}},"23":{"start":{"line":39,"column":57},"end":{"line":39,"column":59}},"24":{"start":{"line":40,"column":20},"end":{"line":42,"column":53}},"25":{"start":{"line":43,"column":4},"end":{"line":43,"column":29}},"26":{"start":{"line":45,"column":2},"end":{"line":45,"column":25}},"27":{"start":{"line":48,"column":25},"end":{"line":58,"column":1}},"28":{"start":{"line":49,"column":19},"end":{"line":49,"column":78}},"29":{"start":{"line":50,"column":2},"end":{"line":56,"column":3}},"30":{"start":{"line":51,"column":22},"end":{"line":51,"column":61}},"31":{"start":{"line":51,"column":57},"end":{"line":51,"column":59}},"32":{"start":{"line":52,"column":20},"end":{"line":54,"column":54}},"33":{"start":{"line":55,"column":4},"end":{"line":55,"column":29}},"34":{"start":{"line":57,"column":2},"end":{"line":57,"column":25}},"35":{"start":{"line":60,"column":26},"end":{"line":68,"column":1}},"36":{"start":{"line":61,"column":19},"end":{"line":63,"column":4}},"37":{"start":{"line":64,"column":2},"end":{"line":67,"column":3}},"38":{"start":{"line":65,"column":22},"end":{"line":65,"column":43}},"39":{"start":{"line":66,"column":4},"end":{"line":66,"column":65}},"40":{"start":{"line":70,"column":26},"end":{"line":80,"column":1}},"41":{"start":{"line":71,"column":19},"end":{"line":71,"column":79}},"42":{"start":{"line":72,"column":2},"end":{"line":78,"column":3}},"43":{"start":{"line":73,"column":22},"end":{"line":73,"column":61}},"44":{"start":{"line":73,"column":57},"end":{"line":73,"column":59}},"45":{"start":{"line":74,"column":20},"end":{"line":76,"column":55}},"46":{"start":{"line":77,"column":4},"end":{"line":77,"column":29}},"47":{"start":{"line":79,"column":2},"end":{"line":79,"column":25}}},"fnMap":{"0":{"name":"(anonymous_0)","decl":{"start":{"line":2,"column":24},"end":{"line":2,"column":25}},"loc":{"start":{"line":2,"column":36},"end":{"line":12,"column":1}},"line":2},"1":{"name":"(anonymous_1)","decl":{"start":{"line":5,"column":50},"end":{"line":5,"column":51}},"loc":{"start":{"line":5,"column":57},"end":{"line":5,"column":59}},"line":5},"2":{"name":"(anonymous_2)","decl":{"start":{"line":14,"column":26},"end":{"line":14,"column":27}},"loc":{"start":{"line":14,"column":42},"end":{"line":29,"column":1}},"line":14},"3":{"name":"(anonymous_3)","decl":{"start":{"line":22,"column":50},"end":{"line":22,"column":51}},"loc":{"start":{"line":22,"column":57},"end":{"line":22,"column":59}},"line":22},"4":{"name":"(anonymous_4)","decl":{"start":{"line":31,"column":26},"end":{"line":31,"column":27}},"loc":{"start":{"line":31,"column":46},"end":{"line":46,"column":1}},"line":31},"5":{"name":"(anonymous_5)","decl":{"start":{"line":39,"column":50},"end":{"line":39,"column":51}},"loc":{"start":{"line":39,"column":57},"end":{"line":39,"column":59}},"line":39},"6":{"name":"(anonymous_6)","decl":{"start":{"line":48,"column":25},"end":{"line":48,"column":26}},"loc":{"start":{"line":48,"column":45},"end":{"line":58,"column":1}},"line":48},"7":{"name":"(anonymous_7)","decl":{"start":{"line":51,"column":50},"end":{"line":51,"column":51}},"loc":{"start":{"line":51,"column":57},"end":{"line":51,"column":59}},"line":51},"8":{"name":"(anonymous_8)","decl":{"start":{"line":60,"column":26},"end":{"line":60,"column":27}},"loc":{"start":{"line":60,"column":40},"end":{"line":68,"column":1}},"line":60},"9":{"name":"(anonymous_9)","decl":{"start":{"line":70,"column":26},"end":{"line":70,"column":27}},"loc":{"start":{"line":70,"column":46},"end":{"line":80,"column":1}},"line":70},"10":{"name":"(anonymous_10)","decl":{"start":{"line":73,"column":50},"end":{"line":73,"column":51}},"loc":{"start":{"line":73,"column":57},"end":{"line":73,"column":59}},"line":73}},"branchMap":{"0":{"loc":{"start":{"line":4,"column":2},"end":{"line":10,"column":3}},"type":"if","locations":[{"start":{"line":4,"column":2},"end":{"line":10,"column":3}},{"start":{},"end":{}}],"line":4},"1":{"loc":{"start":{"line":6,"column":20},"end":{"line":8,"column":53}},"type":"cond-expr","locations":[{"start":{"line":7,"column":8},"end":{"line":7,"column":35}},{"start":{"line":8,"column":9},"end":{"line":8,"column":52}}],"line":6},"2":{"loc":{"start":{"line":8,"column":9},"end":{"line":8,"column":52}},"type":"binary-expr","locations":[{"start":{"line":8,"column":9},"end":{"line":8,"column":24}},{"start":{"line":8,"column":28},"end":{"line":8,"column":52}}],"line":8},"3":{"loc":{"start":{"line":21,"column":2},"end":{"line":27,"column":3}},"type":"if","locations":[{"start":{"line":21,"column":2},"end":{"line":27,"column":3}},{"start":{},"end":{}}],"line":21},"4":{"loc":{"start":{"line":23,"column":20},"end":{"line":25,"column":53}},"type":"cond-expr","locations":[{"start":{"line":24,"column":8},"end":{"line":24,"column":35}},{"start":{"line":25,"column":9},"end":{"line":25,"column":52}}],"line":23},"5":{"loc":{"start":{"line":25,"column":9},"end":{"line":25,"column":52}},"type":"binary-expr","locations":[{"start":{"line":25,"column":9},"end":{"line":25,"column":24}},{"start":{"line":25,"column":28},"end":{"line":25,"column":52}}],"line":25},"6":{"loc":{"start":{"line":38,"column":2},"end":{"line":44,"column":3}},"type":"if","locations":[{"start":{"line":38,"column":2},"end":{"line":44,"column":3}},{"start":{},"end":{}}],"line":38},"7":{"loc":{"start":{"line":40,"column":20},"end":{"line":42,"column":53}},"type":"cond-expr","locations":[{"start":{"line":41,"column":8},"end":{"line":41,"column":35}},{"start":{"line":42,"column":9},"end":{"line":42,"column":52}}],"line":40},"8":{"loc":{"start":{"line":42,"column":9},"end":{"line":42,"column":52}},"type":"binary-expr","locations":[{"start":{"line":42,"column":9},"end":{"line":42,"column":24}},{"start":{"line":42,"column":28},"end":{"line":42,"column":52}}],"line":42},"9":{"loc":{"start":{"line":50,"column":2},"end":{"line":56,"column":3}},"type":"if","locations":[{"start":{"line":50,"column":2},"end":{"line":56,"column":3}},{"start":{},"end":{}}],"line":50},"10":{"loc":{"start":{"line":52,"column":20},"end":{"line":54,"column":54}},"type":"cond-expr","locations":[{"start":{"line":53,"column":8},"end":{"line":53,"column":35}},{"start":{"line":54,"column":9},"end":{"line":54,"column":53}}],"line":52},"11":{"loc":{"start":{"line":54,"column":9},"end":{"line":54,"column":53}},"type":"binary-expr","locations":[{"start":{"line":54,"column":9},"end":{"line":54,"column":24}},{"start":{"line":54,"column":28},"end":{"line":54,"column":53}}],"line":54},"12":{"loc":{"start":{"line":64,"column":2},"end":{"line":67,"column":3}},"type":"if","locations":[{"start":{"line":64,"column":2},"end":{"line":67,"column":3}},{"start":{},"end":{}}],"line":64},"13":{"loc":{"start":{"line":66,"column":20},"end":{"line":66,"column":63}},"type":"binary-expr","locations":[{"start":{"line":66,"column":20},"end":{"line":66,"column":35}},{"start":{"line":66,"column":39},"end":{"line":66,"column":63}}],"line":66},"14":{"loc":{"start":{"line":72,"column":2},"end":{"line":78,"column":3}},"type":"if","locations":[{"start":{"line":72,"column":2},"end":{"line":78,"column":3}},{"start":{},"end":{}}],"line":72},"15":{"loc":{"start":{"line":74,"column":20},"end":{"line":76,"column":55}},"type":"cond-expr","locations":[{"start":{"line":75,"column":8},"end":{"line":75,"column":35}},{"start":{"line":76,"column":9},"end":{"line":76,"column":54}}],"line":74},"16":{"loc":{"start":{"line":76,"column":9},"end":{"line":76,"column":54}},"type":"binary-expr","locations":[{"start":{"line":76,"column":9},"end":{"line":76,"column":24}},{"start":{"line":76,"column":28},"end":{"line":76,"column":54}}],"line":76}},"s":{"0":1,"1":1,"2":1,"3":1,"4":0,"5":0,"6":0,"7":0,"8":1,"9":1,"10":1,"11":1,"12":1,"13":0,"14":0,"15":0,"16":0,"17":1,"18":1,"19":1,"20":1,"21":1,"22":0,"23":0,"24":0,"25":0,"26":1,"27":1,"28":0,"29":0,"30":0,"31":0,"32":0,"33":0,"34":0,"35":1,"36":1,"37":1,"38":0,"39":0,"40":1,"41":0,"42":0,"43":0,"44":0,"45":0,"46":0,"47":0},"f":{"0":1,"1":0,"2":1,"3":0,"4":1,"5":0,"6":0,"7":0,"8":1,"9":0,"10":0},"b":{"0":[0,1],"1":[0,0],"2":[0,0],"3":[0,1],"4":[0,0],"5":[0,0],"6":[0,1],"7":[0,0],"8":[0,0],"9":[0,0],"10":[0,0],"11":[0,0],"12":[0,1],"13":[0,0],"14":[0,0],"15":[0,0],"16":[0,0]},"_coverageSchema":"1a1c01bbd47fc00a2c39e90264f33305004495a9","hash":"28f867703731a9c8549ac6d6aa14e234baaedf46"}
}
