<?xml version="1.0" encoding="UTF-8"?>
<coverage generated="1754967847489" clover="3.2.0">
  <project timestamp="1754967847489" name="All files">
    <metrics statements="105" coveredstatements="91" conditionals="62" coveredconditionals="53" methods="11" coveredmethods="11" elements="178" coveredelements="155" complexity="0" loc="105" ncloc="105" packages="1" files="3" classes="3"/>
    <file name="places.js" path="/home/dev/Documents/weatherapp_southgeeks/backend/src/handlers/places.js">
      <metrics statements="12" coveredstatements="10" conditionals="6" coveredconditionals="5" methods="2" coveredmethods="2"/>
      <line num="1" count="1" type="stmt"/>
      <line num="4" count="2" type="stmt"/>
      <line num="16" count="1" type="stmt"/>
      <line num="17" count="2" type="stmt"/>
      <line num="18" count="2" type="cond" truecount="1" falsecount="1"/>
      <line num="19" count="2" type="stmt"/>
      <line num="20" count="2" type="cond" truecount="4" falsecount="0"/>
      <line num="21" count="1" type="stmt"/>
      <line num="23" count="1" type="stmt"/>
      <line num="24" count="1" type="stmt"/>
      <line num="26" count="0" type="stmt"/>
      <line num="27" count="0" type="stmt"/>
    </file>
    <file name="users.js" path="/home/dev/Documents/weatherapp_southgeeks/backend/src/handlers/users.js">
      <metrics statements="81" coveredstatements="71" conditionals="50" coveredconditionals="43" methods="7" coveredmethods="7"/>
      <line num="1" count="1" type="stmt"/>
      <line num="2" count="1" type="stmt"/>
      <line num="3" count="1" type="stmt"/>
      <line num="4" count="1" type="stmt"/>
      <line num="5" count="1" type="stmt"/>
      <line num="8" count="10" type="cond" truecount="4" falsecount="0"/>
      <line num="9" count="9" type="stmt"/>
      <line num="10" count="9" type="cond" truecount="2" falsecount="0"/>
      <line num="11" count="9" type="cond" truecount="1" falsecount="1"/>
      <line num="13" count="1" type="stmt"/>
      <line num="18" count="13" type="stmt"/>
      <line num="30" count="1" type="stmt"/>
      <line num="31" count="6" type="stmt"/>
      <line num="32" count="6" type="stmt"/>
      <line num="33" count="6" type="stmt"/>
      <line num="34" count="6" type="cond" truecount="4" falsecount="0"/>
      <line num="35" count="6" type="cond" truecount="4" falsecount="0"/>
      <line num="37" count="6" type="stmt"/>
      <line num="38" count="6" type="cond" truecount="2" falsecount="0"/>
      <line num="39" count="3" type="stmt"/>
      <line num="42" count="3" type="stmt"/>
      <line num="43" count="3" type="stmt"/>
      <line num="44" count="3" type="cond" truecount="2" falsecount="0"/>
      <line num="45" count="1" type="stmt"/>
      <line num="48" count="2" type="stmt"/>
      <line num="55" count="2" type="stmt"/>
      <line num="56" count="2" type="stmt"/>
      <line num="58" count="0" type="stmt"/>
      <line num="59" count="0" type="stmt"/>
      <line num="63" count="1" type="stmt"/>
      <line num="64" count="1" type="stmt"/>
      <line num="65" count="1" type="stmt"/>
      <line num="66" count="1" type="stmt"/>
      <line num="67" count="1" type="stmt"/>
      <line num="68" count="1" type="cond" truecount="1" falsecount="1"/>
      <line num="70" count="0" type="stmt"/>
      <line num="71" count="0" type="stmt"/>
      <line num="75" count="1" type="stmt"/>
      <line num="76" count="2" type="stmt"/>
      <line num="77" count="2" type="stmt"/>
      <line num="78" count="2" type="cond" truecount="1" falsecount="1"/>
      <line num="79" count="2" type="stmt"/>
      <line num="80" count="2" type="stmt"/>
      <line num="81" count="2" type="cond" truecount="2" falsecount="0"/>
      <line num="82" count="1" type="stmt"/>
      <line num="84" count="1" type="stmt"/>
      <line num="86" count="0" type="stmt"/>
      <line num="87" count="0" type="stmt"/>
      <line num="91" count="1" type="stmt"/>
      <line num="92" count="4" type="stmt"/>
      <line num="93" count="4" type="stmt"/>
      <line num="94" count="4" type="cond" truecount="1" falsecount="1"/>
      <line num="95" count="4" type="stmt"/>
      <line num="96" count="4" type="cond" truecount="4" falsecount="0"/>
      <line num="97" count="4" type="cond" truecount="4" falsecount="0"/>
      <line num="99" count="4" type="stmt"/>
      <line num="100" count="4" type="stmt"/>
      <line num="101" count="4" type="cond" truecount="2" falsecount="0"/>
      <line num="102" count="1" type="stmt"/>
      <line num="105" count="3" type="stmt"/>
      <line num="110" count="3" type="cond" truecount="3" falsecount="1"/>
      <line num="111" count="3" type="stmt"/>
      <line num="112" count="3" type="stmt"/>
      <line num="113" count="3" type="cond" truecount="2" falsecount="0"/>
      <line num="114" count="1" type="stmt"/>
      <line num="116" count="2" type="stmt"/>
      <line num="117" count="2" type="stmt"/>
      <line num="118" count="2" type="stmt"/>
      <line num="121" count="2" type="stmt"/>
      <line num="122" count="2" type="stmt"/>
      <line num="123" count="2" type="stmt"/>
      <line num="125" count="0" type="stmt"/>
      <line num="126" count="0" type="stmt"/>
      <line num="130" count="1" type="stmt"/>
      <line num="131" count="2" type="stmt"/>
      <line num="132" count="2" type="stmt"/>
      <line num="133" count="2" type="cond" truecount="1" falsecount="1"/>
      <line num="134" count="2" type="stmt"/>
      <line num="135" count="2" type="stmt"/>
      <line num="145" count="0" type="stmt"/>
      <line num="146" count="0" type="stmt"/>
    </file>
    <file name="weather.js" path="/home/dev/Documents/weatherapp_southgeeks/backend/src/handlers/weather.js">
      <metrics statements="12" coveredstatements="10" conditionals="6" coveredconditionals="5" methods="2" coveredmethods="2"/>
      <line num="1" count="1" type="stmt"/>
      <line num="4" count="2" type="stmt"/>
      <line num="16" count="1" type="stmt"/>
      <line num="17" count="2" type="stmt"/>
      <line num="18" count="2" type="cond" truecount="1" falsecount="1"/>
      <line num="19" count="2" type="stmt"/>
      <line num="20" count="2" type="cond" truecount="4" falsecount="0"/>
      <line num="21" count="1" type="stmt"/>
      <line num="23" count="1" type="stmt"/>
      <line num="24" count="1" type="stmt"/>
      <line num="26" count="0" type="stmt"/>
      <line num="27" count="0" type="stmt"/>
    </file>
  </project>
</coverage>
