{"/home/dev/Documents/weatherapp_southgeeks/backend/src/handlers/places.js": {"path":"/home/dev/Documents/weatherapp_southgeeks/backend/src/handlers/places.js","statementMap":{"0":{"start":{"line":1,"column":29},"end":{"line":1,"column":65}},"1":{"start":{"line":4,"column":2},"end":{"line":13,"column":4}},"2":{"start":{"line":16,"column":0},"end":{"line":29,"column":2}},"3":{"start":{"line":17,"column":2},"end":{"line":28,"column":3}},"4":{"start":{"line":18,"column":18},"end":{"line":18,"column":51}},"5":{"start":{"line":19,"column":25},"end":{"line":19,"column":30}},"6":{"start":{"line":20,"column":4},"end":{"line":22,"column":5}},"7":{"start":{"line":21,"column":6},"end":{"line":21,"column":74}},"8":{"start":{"line":23,"column":19},"end":{"line":23,"column":51}},"9":{"start":{"line":24,"column":4},"end":{"line":24,"column":29}},"10":{"start":{"line":26,"column":4},"end":{"line":26,"column":45}},"11":{"start":{"line":27,"column":4},"end":{"line":27,"column":67}}},"fnMap":{"0":{"name":"json","decl":{"start":{"line":3,"column":9},"end":{"line":3,"column":13}},"loc":{"start":{"line":3,"column":32},"end":{"line":14,"column":1}},"line":3},"1":{"name":"(anonymous_1)","decl":{"start":{"line":16,"column":20},"end":{"line":16,"column":21}},"loc":{"start":{"line":16,"column":37},"end":{"line":29,"column":1}},"line":16}},"branchMap":{"0":{"loc":{"start":{"line":18,"column":18},"end":{"line":18,"column":51}},"type":"binary-expr","locations":[{"start":{"line":18,"column":18},"end":{"line":18,"column":45}},{"start":{"line":18,"column":49},"end":{"line":18,"column":51}}],"line":18},"1":{"loc":{"start":{"line":20,"column":4},"end":{"line":22,"column":5}},"type":"if","locations":[{"start":{"line":20,"column":4},"end":{"line":22,"column":5}},{"start":{},"end":{}}],"line":20},"2":{"loc":{"start":{"line":20,"column":8},"end":{"line":20,"column":20}},"type":"binary-expr","locations":[{"start":{"line":20,"column":8},"end":{"line":20,"column":12}},{"start":{"line":20,"column":16},"end":{"line":20,"column":20}}],"line":20}},"s":{"0":1,"1":2,"2":1,"3":2,"4":2,"5":2,"6":2,"7":1,"8":1,"9":1,"10":0,"11":0},"f":{"0":2,"1":2},"b":{"0":[2,0],"1":[1,1],"2":[2,1]},"_coverageSchema":"1a1c01bbd47fc00a2c39e90264f33305004495a9","hash":"ab3804a21b28f0c0bd24d583c8fd1b50f6f65124"}
,"/home/dev/Documents/weatherapp_southgeeks/backend/src/handlers/users.js": {"path":"/home/dev/Documents/weatherapp_southgeeks/backend/src/handlers/users.js","statementMap":{"0":{"start":{"line":1,"column":51},"end":{"line":1,"column":89}},"1":{"start":{"line":2,"column":49},"end":{"line":2,"column":77}},"2":{"start":{"line":3,"column":23},"end":{"line":3,"column":60}},"3":{"start":{"line":4,"column":25},"end":{"line":4,"column":55}},"4":{"start":{"line":5,"column":23},"end":{"line":5,"column":38}},"5":{"start":{"line":8,"column":2},"end":{"line":8,"column":46}},"6":{"start":{"line":8,"column":36},"end":{"line":8,"column":46}},"7":{"start":{"line":9,"column":2},"end":{"line":14,"column":3}},"8":{"start":{"line":10,"column":16},"end":{"line":10,"column":103}},"9":{"start":{"line":11,"column":4},"end":{"line":11,"column":59}},"10":{"start":{"line":13,"column":4},"end":{"line":13,"column":14}},"11":{"start":{"line":18,"column":2},"end":{"line":27,"column":4}},"12":{"start":{"line":30,"column":0},"end":{"line":61,"column":2}},"13":{"start":{"line":31,"column":2},"end":{"line":60,"column":3}},"14":{"start":{"line":32,"column":4},"end":{"line":32,"column":31}},"15":{"start":{"line":33,"column":26},"end":{"line":33,"column":42}},"16":{"start":{"line":34,"column":27},"end":{"line":34,"column":89}},"17":{"start":{"line":35,"column":26},"end":{"line":35,"column":85}},"18":{"start":{"line":37,"column":29},"end":{"line":37,"column":87}},"19":{"start":{"line":38,"column":4},"end":{"line":40,"column":5}},"20":{"start":{"line":39,"column":6},"end":{"line":39,"column":53}},"21":{"start":{"line":42,"column":22},"end":{"line":42,"column":49}},"22":{"start":{"line":43,"column":20},"end":{"line":43,"column":47}},"23":{"start":{"line":44,"column":4},"end":{"line":46,"column":5}},"24":{"start":{"line":45,"column":6},"end":{"line":45,"column":79}},"25":{"start":{"line":48,"column":20},"end":{"line":53,"column":5}},"26":{"start":{"line":55,"column":4},"end":{"line":55,"column":65}},"27":{"start":{"line":56,"column":4},"end":{"line":56,"column":30}},"28":{"start":{"line":58,"column":4},"end":{"line":58,"column":46}},"29":{"start":{"line":59,"column":4},"end":{"line":59,"column":82}},"30":{"start":{"line":63,"column":0},"end":{"line":73,"column":2}},"31":{"start":{"line":64,"column":2},"end":{"line":72,"column":3}},"32":{"start":{"line":65,"column":4},"end":{"line":65,"column":31}},"33":{"start":{"line":66,"column":21},"end":{"line":66,"column":45}},"34":{"start":{"line":67,"column":18},"end":{"line":67,"column":32}},"35":{"start":{"line":68,"column":4},"end":{"line":68,"column":34}},"36":{"start":{"line":70,"column":4},"end":{"line":70,"column":45}},"37":{"start":{"line":71,"column":4},"end":{"line":71,"column":58}},"38":{"start":{"line":75,"column":0},"end":{"line":89,"column":2}},"39":{"start":{"line":76,"column":2},"end":{"line":88,"column":3}},"40":{"start":{"line":77,"column":4},"end":{"line":77,"column":31}},"41":{"start":{"line":78,"column":19},"end":{"line":78,"column":45}},"42":{"start":{"line":79,"column":21},"end":{"line":79,"column":56}},"43":{"start":{"line":80,"column":17},"end":{"line":80,"column":31}},"44":{"start":{"line":81,"column":4},"end":{"line":83,"column":5}},"45":{"start":{"line":82,"column":6},"end":{"line":82,"column":53}},"46":{"start":{"line":84,"column":4},"end":{"line":84,"column":27}},"47":{"start":{"line":86,"column":4},"end":{"line":86,"column":47}},"48":{"start":{"line":87,"column":4},"end":{"line":87,"column":57}},"49":{"start":{"line":91,"column":0},"end":{"line":128,"column":2}},"50":{"start":{"line":92,"column":2},"end":{"line":127,"column":3}},"51":{"start":{"line":93,"column":4},"end":{"line":93,"column":31}},"52":{"start":{"line":94,"column":19},"end":{"line":94,"column":45}},"53":{"start":{"line":95,"column":26},"end":{"line":95,"column":42}},"54":{"start":{"line":96,"column":27},"end":{"line":96,"column":96}},"55":{"start":{"line":97,"column":26},"end":{"line":97,"column":92}},"56":{"start":{"line":99,"column":21},"end":{"line":99,"column":56}},"57":{"start":{"line":100,"column":25},"end":{"line":100,"column":39}},"58":{"start":{"line":101,"column":4},"end":{"line":103,"column":5}},"59":{"start":{"line":102,"column":6},"end":{"line":102,"column":53}},"60":{"start":{"line":105,"column":24},"end":{"line":108,"column":5}},"61":{"start":{"line":110,"column":4},"end":{"line":119,"column":5}},"62":{"start":{"line":111,"column":24},"end":{"line":111,"column":51}},"63":{"start":{"line":112,"column":22},"end":{"line":112,"column":49}},"64":{"start":{"line":113,"column":6},"end":{"line":115,"column":7}},"65":{"start":{"line":114,"column":8},"end":{"line":114,"column":81}},"66":{"start":{"line":116,"column":6},"end":{"line":116,"column":46}},"67":{"start":{"line":117,"column":6},"end":{"line":117,"column":48}},"68":{"start":{"line":118,"column":6},"end":{"line":118,"column":46}},"69":{"start":{"line":121,"column":4},"end":{"line":121,"column":56}},"70":{"start":{"line":122,"column":28},"end":{"line":122,"column":63}},"71":{"start":{"line":123,"column":4},"end":{"line":123,"column":44}},"72":{"start":{"line":125,"column":4},"end":{"line":125,"column":46}},"73":{"start":{"line":126,"column":4},"end":{"line":126,"column":58}},"74":{"start":{"line":130,"column":0},"end":{"line":148,"column":2}},"75":{"start":{"line":131,"column":2},"end":{"line":147,"column":3}},"76":{"start":{"line":132,"column":4},"end":{"line":132,"column":31}},"77":{"start":{"line":133,"column":19},"end":{"line":133,"column":45}},"78":{"start":{"line":134,"column":4},"end":{"line":134,"column":43}},"79":{"start":{"line":135,"column":4},"end":{"line":143,"column":6}},"80":{"start":{"line":145,"column":4},"end":{"line":145,"column":46}},"81":{"start":{"line":146,"column":4},"end":{"line":146,"column":58}}},"fnMap":{"0":{"name":"parseBody","decl":{"start":{"line":7,"column":9},"end":{"line":7,"column":18}},"loc":{"start":{"line":7,"column":26},"end":{"line":15,"column":1}},"line":7},"1":{"name":"json","decl":{"start":{"line":17,"column":9},"end":{"line":17,"column":13}},"loc":{"start":{"line":17,"column":32},"end":{"line":28,"column":1}},"line":17},"2":{"name":"(anonymous_2)","decl":{"start":{"line":30,"column":21},"end":{"line":30,"column":22}},"loc":{"start":{"line":30,"column":38},"end":{"line":61,"column":1}},"line":30},"3":{"name":"(anonymous_3)","decl":{"start":{"line":63,"column":20},"end":{"line":63,"column":21}},"loc":{"start":{"line":63,"column":32},"end":{"line":73,"column":1}},"line":63},"4":{"name":"(anonymous_4)","decl":{"start":{"line":75,"column":22},"end":{"line":75,"column":23}},"loc":{"start":{"line":75,"column":39},"end":{"line":89,"column":1}},"line":75},"5":{"name":"(anonymous_5)","decl":{"start":{"line":91,"column":21},"end":{"line":91,"column":22}},"loc":{"start":{"line":91,"column":38},"end":{"line":128,"column":1}},"line":91},"6":{"name":"(anonymous_6)","decl":{"start":{"line":130,"column":21},"end":{"line":130,"column":22}},"loc":{"start":{"line":130,"column":38},"end":{"line":148,"column":1}},"line":130}},"branchMap":{"0":{"loc":{"start":{"line":8,"column":2},"end":{"line":8,"column":46}},"type":"if","locations":[{"start":{"line":8,"column":2},"end":{"line":8,"column":46}},{"start":{},"end":{}}],"line":8},"1":{"loc":{"start":{"line":8,"column":6},"end":{"line":8,"column":34}},"type":"binary-expr","locations":[{"start":{"line":8,"column":6},"end":{"line":8,"column":12}},{"start":{"line":8,"column":16},"end":{"line":8,"column":34}}],"line":8},"2":{"loc":{"start":{"line":10,"column":16},"end":{"line":10,"column":103}},"type":"cond-expr","locations":[{"start":{"line":10,"column":40},"end":{"line":10,"column":90}},{"start":{"line":10,"column":93},"end":{"line":10,"column":103}}],"line":10},"3":{"loc":{"start":{"line":11,"column":11},"end":{"line":11,"column":58}},"type":"cond-expr","locations":[{"start":{"line":11,"column":37},"end":{"line":11,"column":52}},{"start":{"line":11,"column":55},"end":{"line":11,"column":58}}],"line":11},"4":{"loc":{"start":{"line":34,"column":27},"end":{"line":34,"column":89}},"type":"cond-expr","locations":[{"start":{"line":34,"column":65},"end":{"line":34,"column":84}},{"start":{"line":34,"column":87},"end":{"line":34,"column":89}}],"line":34},"5":{"loc":{"start":{"line":34,"column":27},"end":{"line":34,"column":62}},"type":"binary-expr","locations":[{"start":{"line":34,"column":27},"end":{"line":34,"column":45}},{"start":{"line":34,"column":49},"end":{"line":34,"column":62}}],"line":34},"6":{"loc":{"start":{"line":35,"column":26},"end":{"line":35,"column":85}},"type":"cond-expr","locations":[{"start":{"line":35,"column":62},"end":{"line":35,"column":80}},{"start":{"line":35,"column":83},"end":{"line":35,"column":85}}],"line":35},"7":{"loc":{"start":{"line":35,"column":26},"end":{"line":35,"column":59}},"type":"binary-expr","locations":[{"start":{"line":35,"column":26},"end":{"line":35,"column":43}},{"start":{"line":35,"column":47},"end":{"line":35,"column":59}}],"line":35},"8":{"loc":{"start":{"line":38,"column":4},"end":{"line":40,"column":5}},"type":"if","locations":[{"start":{"line":38,"column":4},"end":{"line":40,"column":5}},{"start":{},"end":{}}],"line":38},"9":{"loc":{"start":{"line":44,"column":4},"end":{"line":46,"column":5}},"type":"if","locations":[{"start":{"line":44,"column":4},"end":{"line":46,"column":5}},{"start":{},"end":{}}],"line":44},"10":{"loc":{"start":{"line":68,"column":21},"end":{"line":68,"column":32}},"type":"binary-expr","locations":[{"start":{"line":68,"column":21},"end":{"line":68,"column":26}},{"start":{"line":68,"column":30},"end":{"line":68,"column":32}}],"line":68},"11":{"loc":{"start":{"line":78,"column":19},"end":{"line":78,"column":45}},"type":"binary-expr","locations":[{"start":{"line":78,"column":19},"end":{"line":78,"column":39}},{"start":{"line":78,"column":43},"end":{"line":78,"column":45}}],"line":78},"12":{"loc":{"start":{"line":81,"column":4},"end":{"line":83,"column":5}},"type":"if","locations":[{"start":{"line":81,"column":4},"end":{"line":83,"column":5}},{"start":{},"end":{}}],"line":81},"13":{"loc":{"start":{"line":94,"column":19},"end":{"line":94,"column":45}},"type":"binary-expr","locations":[{"start":{"line":94,"column":19},"end":{"line":94,"column":39}},{"start":{"line":94,"column":43},"end":{"line":94,"column":45}}],"line":94},"14":{"loc":{"start":{"line":96,"column":27},"end":{"line":96,"column":96}},"type":"cond-expr","locations":[{"start":{"line":96,"column":65},"end":{"line":96,"column":84}},{"start":{"line":96,"column":87},"end":{"line":96,"column":96}}],"line":96},"15":{"loc":{"start":{"line":96,"column":27},"end":{"line":96,"column":62}},"type":"binary-expr","locations":[{"start":{"line":96,"column":27},"end":{"line":96,"column":45}},{"start":{"line":96,"column":49},"end":{"line":96,"column":62}}],"line":96},"16":{"loc":{"start":{"line":97,"column":26},"end":{"line":97,"column":92}},"type":"cond-expr","locations":[{"start":{"line":97,"column":62},"end":{"line":97,"column":80}},{"start":{"line":97,"column":83},"end":{"line":97,"column":92}}],"line":97},"17":{"loc":{"start":{"line":97,"column":26},"end":{"line":97,"column":59}},"type":"binary-expr","locations":[{"start":{"line":97,"column":26},"end":{"line":97,"column":43}},{"start":{"line":97,"column":47},"end":{"line":97,"column":59}}],"line":97},"18":{"loc":{"start":{"line":101,"column":4},"end":{"line":103,"column":5}},"type":"if","locations":[{"start":{"line":101,"column":4},"end":{"line":103,"column":5}},{"start":{},"end":{}}],"line":101},"19":{"loc":{"start":{"line":106,"column":12},"end":{"line":106,"column":47}},"type":"binary-expr","locations":[{"start":{"line":106,"column":12},"end":{"line":106,"column":26}},{"start":{"line":106,"column":30},"end":{"line":106,"column":47}}],"line":106},"20":{"loc":{"start":{"line":107,"column":11},"end":{"line":107,"column":44}},"type":"binary-expr","locations":[{"start":{"line":107,"column":11},"end":{"line":107,"column":24}},{"start":{"line":107,"column":28},"end":{"line":107,"column":44}}],"line":107},"21":{"loc":{"start":{"line":110,"column":4},"end":{"line":119,"column":5}},"type":"if","locations":[{"start":{"line":110,"column":4},"end":{"line":119,"column":5}},{"start":{},"end":{}}],"line":110},"22":{"loc":{"start":{"line":110,"column":8},"end":{"line":110,"column":59}},"type":"binary-expr","locations":[{"start":{"line":110,"column":8},"end":{"line":110,"column":21}},{"start":{"line":110,"column":25},"end":{"line":110,"column":59}}],"line":110},"23":{"loc":{"start":{"line":113,"column":6},"end":{"line":115,"column":7}},"type":"if","locations":[{"start":{"line":113,"column":6},"end":{"line":115,"column":7}},{"start":{},"end":{}}],"line":113},"24":{"loc":{"start":{"line":133,"column":19},"end":{"line":133,"column":45}},"type":"binary-expr","locations":[{"start":{"line":133,"column":19},"end":{"line":133,"column":39}},{"start":{"line":133,"column":43},"end":{"line":133,"column":45}}],"line":133}},"s":{"0":1,"1":1,"2":1,"3":1,"4":1,"5":10,"6":1,"7":9,"8":9,"9":9,"10":1,"11":13,"12":1,"13":6,"14":6,"15":6,"16":6,"17":6,"18":6,"19":6,"20":3,"21":3,"22":3,"23":3,"24":1,"25":2,"26":2,"27":2,"28":0,"29":0,"30":1,"31":1,"32":1,"33":1,"34":1,"35":1,"36":0,"37":0,"38":1,"39":2,"40":2,"41":2,"42":2,"43":2,"44":2,"45":1,"46":1,"47":0,"48":0,"49":1,"50":4,"51":4,"52":4,"53":4,"54":4,"55":4,"56":4,"57":4,"58":4,"59":1,"60":3,"61":3,"62":3,"63":3,"64":3,"65":1,"66":2,"67":2,"68":2,"69":2,"70":2,"71":2,"72":0,"73":0,"74":1,"75":2,"76":2,"77":2,"78":2,"79":2,"80":0,"81":0},"f":{"0":10,"1":13,"2":6,"3":1,"4":2,"5":4,"6":2},"b":{"0":[1,9],"1":[10,10],"2":[1,8],"3":[9,0],"4":[4,2],"5":[6,4],"6":[4,2],"7":[6,4],"8":[3,3],"9":[1,2],"10":[1,0],"11":[2,0],"12":[1,1],"13":[4,0],"14":[2,2],"15":[4,2],"16":[3,1],"17":[4,3],"18":[1,3],"19":[3,2],"20":[3,0],"21":[3,0],"22":[3,3],"23":[1,2],"24":[2,0]},"_coverageSchema":"1a1c01bbd47fc00a2c39e90264f33305004495a9","hash":"510454bcc2a74e7d1aa2bc89af4585e071c7e112"}
,"/home/dev/Documents/weatherapp_southgeeks/backend/src/handlers/weather.js": {"path":"/home/dev/Documents/weatherapp_southgeeks/backend/src/handlers/weather.js","statementMap":{"0":{"start":{"line":1,"column":30},"end":{"line":1,"column":67}},"1":{"start":{"line":4,"column":2},"end":{"line":13,"column":4}},"2":{"start":{"line":16,"column":0},"end":{"line":29,"column":2}},"3":{"start":{"line":17,"column":2},"end":{"line":28,"column":3}},"4":{"start":{"line":18,"column":18},"end":{"line":18,"column":51}},"5":{"start":{"line":19,"column":25},"end":{"line":19,"column":30}},"6":{"start":{"line":20,"column":4},"end":{"line":22,"column":5}},"7":{"start":{"line":21,"column":6},"end":{"line":21,"column":74}},"8":{"start":{"line":23,"column":24},"end":{"line":23,"column":57}},"9":{"start":{"line":24,"column":4},"end":{"line":24,"column":34}},"10":{"start":{"line":26,"column":4},"end":{"line":26,"column":46}},"11":{"start":{"line":27,"column":4},"end":{"line":27,"column":65}}},"fnMap":{"0":{"name":"json","decl":{"start":{"line":3,"column":9},"end":{"line":3,"column":13}},"loc":{"start":{"line":3,"column":32},"end":{"line":14,"column":1}},"line":3},"1":{"name":"(anonymous_1)","decl":{"start":{"line":16,"column":21},"end":{"line":16,"column":22}},"loc":{"start":{"line":16,"column":38},"end":{"line":29,"column":1}},"line":16}},"branchMap":{"0":{"loc":{"start":{"line":18,"column":18},"end":{"line":18,"column":51}},"type":"binary-expr","locations":[{"start":{"line":18,"column":18},"end":{"line":18,"column":45}},{"start":{"line":18,"column":49},"end":{"line":18,"column":51}}],"line":18},"1":{"loc":{"start":{"line":20,"column":4},"end":{"line":22,"column":5}},"type":"if","locations":[{"start":{"line":20,"column":4},"end":{"line":22,"column":5}},{"start":{},"end":{}}],"line":20},"2":{"loc":{"start":{"line":20,"column":8},"end":{"line":20,"column":20}},"type":"binary-expr","locations":[{"start":{"line":20,"column":8},"end":{"line":20,"column":12}},{"start":{"line":20,"column":16},"end":{"line":20,"column":20}}],"line":20}},"s":{"0":1,"1":2,"2":1,"3":2,"4":2,"5":2,"6":2,"7":1,"8":1,"9":1,"10":0,"11":0},"f":{"0":2,"1":2},"b":{"0":[2,0],"1":[1,1],"2":[2,1]},"_coverageSchema":"1a1c01bbd47fc00a2c39e90264f33305004495a9","hash":"d404600ffbbbb1147c04e176408074abe813d426"}
}
