TN:
SF:handlers/places.js
FN:3,json
FN:16,(anonymous_1)
FNF:2
FNH:2
FNDA:2,json
FNDA:2,(anonymous_1)
DA:1,1
DA:4,2
DA:16,1
DA:17,2
DA:18,2
DA:19,2
DA:20,2
DA:21,1
DA:23,1
DA:24,1
DA:26,0
DA:27,0
LF:12
LH:10
BRDA:18,0,0,2
BRDA:18,0,1,0
BRDA:20,1,0,1
BRDA:20,1,1,1
BRDA:20,2,0,2
BRDA:20,2,1,1
BRF:6
BRH:5
end_of_record
TN:
SF:handlers/users.js
FN:7,parseBody
FN:17,json
FN:30,(anonymous_2)
FN:63,(anonymous_3)
FN:75,(anonymous_4)
FN:91,(anonymous_5)
FN:130,(anonymous_6)
FNF:7
FNH:7
FNDA:10,parseBody
FNDA:13,json
FNDA:6,(anonymous_2)
FNDA:1,(anonymous_3)
FNDA:2,(anonymous_4)
FNDA:4,(anonymous_5)
FNDA:2,(anonymous_6)
DA:1,1
DA:2,1
DA:3,1
DA:4,1
DA:5,1
DA:8,10
DA:9,9
DA:10,9
DA:11,9
DA:13,1
DA:18,13
DA:30,1
DA:31,6
DA:32,6
DA:33,6
DA:34,6
DA:35,6
DA:37,6
DA:38,6
DA:39,3
DA:42,3
DA:43,3
DA:44,3
DA:45,1
DA:48,2
DA:55,2
DA:56,2
DA:58,0
DA:59,0
DA:63,1
DA:64,1
DA:65,1
DA:66,1
DA:67,1
DA:68,1
DA:70,0
DA:71,0
DA:75,1
DA:76,2
DA:77,2
DA:78,2
DA:79,2
DA:80,2
DA:81,2
DA:82,1
DA:84,1
DA:86,0
DA:87,0
DA:91,1
DA:92,4
DA:93,4
DA:94,4
DA:95,4
DA:96,4
DA:97,4
DA:99,4
DA:100,4
DA:101,4
DA:102,1
DA:105,3
DA:110,3
DA:111,3
DA:112,3
DA:113,3
DA:114,1
DA:116,2
DA:117,2
DA:118,2
DA:121,2
DA:122,2
DA:123,2
DA:125,0
DA:126,0
DA:130,1
DA:131,2
DA:132,2
DA:133,2
DA:134,2
DA:135,2
DA:145,0
DA:146,0
LF:81
LH:71
BRDA:8,0,0,1
BRDA:8,0,1,9
BRDA:8,1,0,10
BRDA:8,1,1,10
BRDA:10,2,0,1
BRDA:10,2,1,8
BRDA:11,3,0,9
BRDA:11,3,1,0
BRDA:34,4,0,4
BRDA:34,4,1,2
BRDA:34,5,0,6
BRDA:34,5,1,4
BRDA:35,6,0,4
BRDA:35,6,1,2
BRDA:35,7,0,6
BRDA:35,7,1,4
BRDA:38,8,0,3
BRDA:38,8,1,3
BRDA:44,9,0,1
BRDA:44,9,1,2
BRDA:68,10,0,1
BRDA:68,10,1,0
BRDA:78,11,0,2
BRDA:78,11,1,0
BRDA:81,12,0,1
BRDA:81,12,1,1
BRDA:94,13,0,4
BRDA:94,13,1,0
BRDA:96,14,0,2
BRDA:96,14,1,2
BRDA:96,15,0,4
BRDA:96,15,1,2
BRDA:97,16,0,3
BRDA:97,16,1,1
BRDA:97,17,0,4
BRDA:97,17,1,3
BRDA:101,18,0,1
BRDA:101,18,1,3
BRDA:106,19,0,3
BRDA:106,19,1,2
BRDA:107,20,0,3
BRDA:107,20,1,0
BRDA:110,21,0,3
BRDA:110,21,1,0
BRDA:110,22,0,3
BRDA:110,22,1,3
BRDA:113,23,0,1
BRDA:113,23,1,2
BRDA:133,24,0,2
BRDA:133,24,1,0
BRF:50
BRH:43
end_of_record
TN:
SF:handlers/weather.js
FN:3,json
FN:16,(anonymous_1)
FNF:2
FNH:2
FNDA:2,json
FNDA:2,(anonymous_1)
DA:1,1
DA:4,2
DA:16,1
DA:17,2
DA:18,2
DA:19,2
DA:20,2
DA:21,1
DA:23,1
DA:24,1
DA:26,0
DA:27,0
LF:12
LH:10
BRDA:18,0,0,2
BRDA:18,0,1,0
BRDA:20,1,0,1
BRDA:20,1,1,1
BRDA:20,2,0,2
BRDA:20,2,1,1
BRF:6
BRH:5
end_of_record
